INFO  [main] 2019-11-28 17:25:52,011 YamlConfigurationLoader.java:89 - Configuration location: file:/home/mirko/Projekte/internal/consistency-types/opt/cassandra/conf/cassandra.yaml
INFO  [main] 2019-11-28 17:25:52,801 Config.java:608 - Node configuration:[allocate_tokens_for_keyspace=null; allocate_tokens_for_local_replication_factor=null; audit_logging_options=AuditLogOptions{enabled=false, logger='BinAuditLogger', included_keyspaces='', excluded_keyspaces='system,system_schema,system_virtual_schema', included_categories='', excluded_categories='', included_users='', excluded_users='', audit_logs_dir='bin/../logs/audit/', archive_command='', roll_cycle='HOURLY', block=true, max_queue_weight=268435456, max_log_size=17179869184}; authenticator=AllowAllAuthenticator; authorizer=AllowAllAuthorizer; auto_bootstrap=true; auto_snapshot=true; automatic_sstable_upgrade=false; back_pressure_enabled=false; back_pressure_strategy=org.apache.cassandra.net.RateBasedBackPressure{high_ratio=0.9, factor=5, flow=FAST}; batch_size_fail_threshold_in_kb=50; batch_size_warn_threshold_in_kb=5; batchlog_replay_throttle_in_kb=1024; block_for_peers_in_remote_dcs=false; block_for_peers_timeout_in_secs=10; broadcast_address=null; broadcast_rpc_address=null; buffer_pool_use_heap_if_exhausted=true; cas_contention_timeout_in_ms=1000; cdc_enabled=false; cdc_free_space_check_interval_ms=250; cdc_raw_directory=null; cdc_total_space_in_mb=0; client_encryption_options=<REDACTED>; cluster_name=Test Cluster; column_index_cache_size_in_kb=2; column_index_size_in_kb=64; commit_failure_policy=stop; commitlog_compression=null; commitlog_directory=null; commitlog_max_compression_buffers_in_pool=3; commitlog_periodic_queue_size=-1; commitlog_segment_size_in_mb=32; commitlog_sync=periodic; commitlog_sync_batch_window_in_ms=NaN; commitlog_sync_group_window_in_ms=NaN; commitlog_sync_period_in_ms=10000; commitlog_total_space_in_mb=null; compaction_large_partition_warning_threshold_mb=100; compaction_throughput_mb_per_sec=16; concurrent_compactors=null; concurrent_counter_writes=32; concurrent_materialized_view_builders=1; concurrent_materialized_view_writes=32; concurrent_reads=32; concurrent_replicates=null; concurrent_validations=2147483647; concurrent_writes=32; corrupted_tombstone_strategy=disabled; counter_cache_keys_to_save=2147483647; counter_cache_save_period=7200; counter_cache_size_in_mb=null; counter_write_request_timeout_in_ms=5000; credentials_cache_max_entries=1000; credentials_update_interval_in_ms=-1; credentials_validity_in_ms=2000; cross_node_timeout=false; data_file_directories=[Ljava.lang.String;@79dc5318; diagnostic_events_enabled=false; disk_access_mode=auto; disk_failure_policy=stop; disk_optimization_estimate_percentile=0.95; disk_optimization_page_cross_chance=0.1; disk_optimization_strategy=ssd; dynamic_snitch=true; dynamic_snitch_badness_threshold=0.1; dynamic_snitch_reset_interval_in_ms=600000; dynamic_snitch_update_interval_in_ms=100; enable_materialized_views=false; enable_sasi_indexes=false; enable_scripted_user_defined_functions=false; enable_transient_replication=false; enable_user_defined_functions=false; enable_user_defined_functions_threads=true; endpoint_snitch=SimpleSnitch; file_cache_round_up=null; file_cache_size_in_mb=null; full_query_logging_options=FullQueryLoggerOptions{log_dir='', archive_command='', roll_cycle='HOURLY', block=true, max_queue_weight=268435456, max_log_size=17179869184}; gc_log_threshold_in_ms=200; gc_warn_threshold_in_ms=1000; hinted_handoff_disabled_datacenters=[]; hinted_handoff_enabled=true; hinted_handoff_throttle_in_kb=1024; hints_compression=null; hints_directory=null; hints_flush_period_in_ms=10000; ideal_consistency_level=null; incremental_backups=false; index_summary_capacity_in_mb=null; index_summary_resize_interval_in_minutes=60; initial_token=null; inter_dc_stream_throughput_outbound_megabits_per_sec=200; inter_dc_tcp_nodelay=false; internode_application_receive_queue_capacity_in_bytes=4194304; internode_application_receive_queue_reserve_endpoint_capacity_in_bytes=134217728; internode_application_receive_queue_reserve_global_capacity_in_bytes=536870912; internode_application_send_queue_capacity_in_bytes=4194304; internode_application_send_queue_reserve_endpoint_capacity_in_bytes=134217728; internode_application_send_queue_reserve_global_capacity_in_bytes=536870912; internode_authenticator=null; internode_compression=dc; internode_max_message_size_in_bytes=null; internode_socket_receive_buffer_size_in_bytes=0; internode_socket_send_buffer_size_in_bytes=0; internode_tcp_connect_timeout_in_ms=2000; internode_tcp_user_timeout_in_ms=30000; key_cache_keys_to_save=2147483647; key_cache_migrate_during_compaction=true; key_cache_save_period=14400; key_cache_size_in_mb=null; listen_address=localhost; listen_interface=null; listen_interface_prefer_ipv6=false; listen_on_broadcast_address=false; max_concurrent_automatic_sstable_upgrades=1; max_hint_window_in_ms=10800000; max_hints_delivery_threads=2; max_hints_file_size_in_mb=128; max_mutation_size_in_kb=null; max_streaming_retries=3; max_value_size_in_mb=256; memtable_allocation_type=heap_buffers; memtable_cleanup_threshold=null; memtable_flush_writers=0; memtable_heap_space_in_mb=null; memtable_offheap_space_in_mb=null; min_free_space_per_drive_in_mb=50; native_transport_allow_older_protocols=true; native_transport_flush_in_batches_legacy=false; native_transport_frame_block_size_in_kb=32; native_transport_idle_timeout_in_ms=0; native_transport_max_concurrent_connections=-1; native_transport_max_concurrent_connections_per_ip=-1; native_transport_max_concurrent_requests_in_bytes=-1; native_transport_max_concurrent_requests_in_bytes_per_ip=-1; native_transport_max_frame_size_in_mb=256; native_transport_max_negotiable_protocol_version=null; native_transport_max_threads=128; native_transport_port=9042; native_transport_port_ssl=null; network_authorizer=AllowAllNetworkAuthorizer; num_tokens=256; otc_coalescing_enough_coalesced_messages=8; otc_coalescing_strategy=DISABLED; otc_coalescing_window_us=200; partitioner=org.apache.cassandra.dht.Murmur3Partitioner; periodic_commitlog_sync_lag_block_in_ms=null; permissions_cache_max_entries=1000; permissions_update_interval_in_ms=-1; permissions_validity_in_ms=2000; phi_convict_threshold=8.0; prepared_statements_cache_size_mb=null; range_request_timeout_in_ms=10000; read_request_timeout_in_ms=5000; repair_command_pool_full_strategy=queue; repair_command_pool_size=2147483647; repair_session_max_tree_depth=null; repair_session_space_in_mb=null; repaired_data_tracking_for_partition_reads_enabled=false; repaired_data_tracking_for_range_reads_enabled=false; report_unconfirmed_repaired_data_mismatches=false; request_timeout_in_ms=10000; role_manager=CassandraRoleManager; roles_cache_max_entries=1000; roles_update_interval_in_ms=-1; roles_validity_in_ms=2000; row_cache_class_name=org.apache.cassandra.cache.OHCProvider; row_cache_keys_to_save=2147483647; row_cache_save_period=0; row_cache_size_in_mb=0; rpc_address=localhost; rpc_interface=null; rpc_interface_prefer_ipv6=false; rpc_keepalive=true; saved_caches_directory=null; seed_provider=org.apache.cassandra.locator.SimpleSeedProvider{seeds=127.0.0.1:7000}; server_encryption_options=<REDACTED>; slow_query_log_timeout_in_ms=500; snapshot_before_compaction=false; ssl_storage_port=7001; sstable_preemptive_open_interval_in_mb=50; start_native_transport=true; storage_port=7000; stream_entire_sstables=true; stream_throughput_outbound_megabits_per_sec=200; streaming_connections_per_host=1; streaming_keep_alive_period_in_secs=300; tombstone_failure_threshold=100000; tombstone_warn_threshold=1000; tracetype_query_ttl=86400; tracetype_repair_ttl=604800; transparent_data_encryption_options=org.apache.cassandra.config.TransparentDataEncryptionOptions@8e50104; trickle_fsync=false; trickle_fsync_interval_in_kb=10240; truncate_request_timeout_in_ms=60000; unlogged_batch_across_partitions_warn_threshold=10; use_offheap_merkle_trees=true; user_defined_function_fail_timeout=1500; user_defined_function_warn_timeout=500; user_function_timeout_policy=die; windows_timer_interval=1; write_request_timeout_in_ms=2000]
INFO  [main] 2019-11-28 17:25:52,803 DatabaseDescriptor.java:406 - DiskAccessMode 'auto' determined to be mmap, indexAccessMode is mmap
INFO  [main] 2019-11-28 17:25:52,804 DatabaseDescriptor.java:464 - Global memtable on-heap threshold is enabled at 976MB
INFO  [main] 2019-11-28 17:25:52,805 DatabaseDescriptor.java:468 - Global memtable off-heap threshold is enabled at 976MB
WARN  [main] 2019-11-28 17:25:52,860 DatabaseDescriptor.java:627 - Only 21,537GiB free across all data volumes. Consider adding more capacity to your cluster or removing obsolete snapshots
INFO  [main] 2019-11-28 17:25:53,293 RateBasedBackPressure.java:128 - Initialized back-pressure with high ratio: 0.9, factor: 5, flow: FAST, window size: 2000.
INFO  [main] 2019-11-28 17:25:53,296 DatabaseDescriptor.java:803 - Back-pressure is disabled with strategy org.apache.cassandra.net.RateBasedBackPressure{high_ratio=0.9, factor=5, flow=FAST}.
INFO  [main] 2019-11-28 17:25:54,307 JMXServerUtils.java:248 - Configured JMX server at: service:jmx:rmi://127.0.0.1/jndi/rmi://127.0.0.1:7199/jmxrmi
INFO  [main] 2019-11-28 17:25:54,370 CassandraDaemon.java:480 - Hostname: mirko-thinkpad:7000:7001
INFO  [main] 2019-11-28 17:25:54,372 CassandraDaemon.java:487 - JVM vendor/version: OpenJDK 64-Bit Server VM/11.0.4
INFO  [main] 2019-11-28 17:25:54,380 CassandraDaemon.java:488 - Heap size: 3,813GiB/3,813GiB
INFO  [main] 2019-11-28 17:25:54,383 CassandraDaemon.java:493 - CodeHeap 'non-nmethods' Non-heap memory: init = 2555904(2496K) used = 1250176(1220K) committed = 2555904(2496K) max = 5832704(5696K)
INFO  [main] 2019-11-28 17:25:54,402 CassandraDaemon.java:493 - Metaspace Non-heap memory: init = 0(0K) used = 21629256(21122K) committed = 22409216(21884K) max = -1(-1K)
INFO  [main] 2019-11-28 17:25:54,403 CassandraDaemon.java:493 - CodeHeap 'profiled nmethods' Non-heap memory: init = 2555904(2496K) used = 3849856(3759K) committed = 3866624(3776K) max = 122912768(120032K)
INFO  [main] 2019-11-28 17:25:54,403 CassandraDaemon.java:493 - Compressed Class Space Non-heap memory: init = 0(0K) used = 3377152(3298K) committed = 3670016(3584K) max = 1073741824(1048576K)
INFO  [main] 2019-11-28 17:25:54,404 CassandraDaemon.java:493 - Par Eden Space Heap memory: init = 335544320(327680K) used = 120799648(117968K) committed = 335544320(327680K) max = 335544320(327680K)
INFO  [main] 2019-11-28 17:25:54,405 CassandraDaemon.java:493 - Par Survivor Space Heap memory: init = 41943040(40960K) used = 0(0K) committed = 41943040(40960K) max = 41943040(40960K)
INFO  [main] 2019-11-28 17:25:54,417 CassandraDaemon.java:493 - CodeHeap 'non-profiled nmethods' Non-heap memory: init = 2555904(2496K) used = 717824(701K) committed = 2555904(2496K) max = 122912768(120032K)
INFO  [main] 2019-11-28 17:25:54,420 CassandraDaemon.java:493 - CMS Old Gen Heap memory: init = 3716153344(3629056K) used = 0(0K) committed = 3716153344(3629056K) max = 3716153344(3629056K)
INFO  [main] 2019-11-28 17:25:54,421 CassandraDaemon.java:495 - Classpath: bin/../conf:bin/../build/apache-cassandra-4.0-alpha2-SNAPSHOT.jar:bin/../lib/HdrHistogram-2.1.9.jar:bin/../lib/ST4-4.0.8.jar:bin/../lib/airline-0.8.jar:bin/../lib/antlr-runtime-3.5.2.jar:bin/../lib/asm-7.1.jar:bin/../lib/caffeine-2.3.5.jar:bin/../lib/cassandra-driver-core-3.6.0-shaded.jar:bin/../lib/chronicle-bytes-1.16.3.jar:bin/../lib/chronicle-core-1.16.4.jar:bin/../lib/chronicle-queue-4.16.3.jar:bin/../lib/chronicle-threads-1.16.0.jar:bin/../lib/chronicle-wire-1.16.1.jar:bin/../lib/commons-cli-1.1.jar:bin/../lib/commons-codec-1.9.jar:bin/../lib/commons-lang3-3.1.jar:bin/../lib/commons-math3-3.2.jar:bin/../lib/concurrent-trees-2.4.0.jar:bin/../lib/ecj-4.6.1.jar:bin/../lib/guava-27.0-jre.jar:bin/../lib/high-scale-lib-1.0.6.jar:bin/../lib/hppc-0.5.4.jar:bin/../lib/j2objc-annotations-1.3.jar:bin/../lib/jackson-annotations-2.9.5.jar:bin/../lib/jackson-core-2.9.5.jar:bin/../lib/jackson-databind-2.9.5.jar:bin/../lib/jamm-0.3.2.jar:bin/../lib/javax.inject.jar:bin/../lib/jbcrypt-0.3m.jar:bin/../lib/jcl-over-slf4j-1.7.25.jar:bin/../lib/jctools-core-1.2.1.jar:bin/../lib/jflex-1.6.0.jar:bin/../lib/jna-4.2.2.jar:bin/../lib/joda-time-2.4.jar:bin/../lib/json-simple-1.1.jar:bin/../lib/jstackjunit-0.0.1.jar:bin/../lib/log4j-over-slf4j-1.7.25.jar:bin/../lib/logback-classic-1.2.3.jar:bin/../lib/logback-core-1.2.3.jar:bin/../lib/lz4-java-1.4.0.jar:bin/../lib/metrics-core-3.1.5.jar:bin/../lib/metrics-jvm-3.1.5.jar:bin/../lib/metrics-logback-3.1.5.jar:bin/../lib/netty-all-4.1.37.Final.jar:bin/../lib/netty-tcnative-boringssl-static-2.0.25.Final.jar:bin/../lib/ohc-core-0.5.1.jar:bin/../lib/ohc-core-j8-0.5.1.jar:bin/../lib/psjava-0.1.19.jar:bin/../lib/reporter-config-base-3.0.3.jar:bin/../lib/reporter-config3-3.0.3.jar:bin/../lib/sigar-1.6.4.jar:bin/../lib/slf4j-api-1.7.25.jar:bin/../lib/snakeyaml-1.11.jar:bin/../lib/snappy-java-1.1.2.6.jar:bin/../lib/snowball-stemmer-1.3.0.581.1.jar:bin/../lib/stream-2.5.2.jar:bin/../lib/zstd-jni-1.3.8-5.jar:bin/../lib/jsr223/*/*.jar
INFO  [main] 2019-11-28 17:25:54,428 CassandraDaemon.java:497 - JVM Arguments: [-ea, -da:net.openhft..., -XX:+UseThreadPriorities, -XX:+HeapDumpOnOutOfMemoryError, -Xss256k, -XX:StringTableSize=1000003, -XX:+AlwaysPreTouch, -XX:-UseBiasedLocking, -XX:+UseTLAB, -XX:+ResizeTLAB, -XX:+UseNUMA, -XX:+PerfDisableSharedMem, -Djava.net.preferIPv4Stack=true, -XX:+UseConcMarkSweepGC, -XX:+CMSParallelRemarkEnabled, -XX:SurvivorRatio=8, -XX:MaxTenuringThreshold=1, -XX:CMSInitiatingOccupancyFraction=75, -XX:+UseCMSInitiatingOccupancyOnly, -XX:CMSWaitDuration=10000, -XX:+CMSParallelInitialMarkEnabled, -XX:+CMSEdenChunksRecordAlways, -XX:+CMSClassUnloadingEnabled, -Djdk.attach.allowAttachSelf=true, --add-exports=java.base/jdk.internal.misc=ALL-UNNAMED, --add-exports=java.base/jdk.internal.ref=ALL-UNNAMED, --add-exports=java.base/sun.nio.ch=ALL-UNNAMED, --add-exports=java.management.rmi/com.sun.jmx.remote.internal.rmi=ALL-UNNAMED, --add-exports=java.rmi/sun.rmi.registry=ALL-UNNAMED, --add-exports=java.rmi/sun.rmi.server=ALL-UNNAMED, --add-exports=java.sql/java.sql=ALL-UNNAMED, --add-opens=java.base/java.lang.module=ALL-UNNAMED, --add-opens=java.base/jdk.internal.loader=ALL-UNNAMED, --add-opens=java.base/jdk.internal.ref=ALL-UNNAMED, --add-opens=java.base/jdk.internal.reflect=ALL-UNNAMED, --add-opens=java.base/jdk.internal.math=ALL-UNNAMED, --add-opens=java.base/jdk.internal.module=ALL-UNNAMED, --add-opens=java.base/jdk.internal.util.jar=ALL-UNNAMED, --add-opens=jdk.management/com.sun.management.internal=ALL-UNNAMED, -Xlog:gc=info,heap*=trace,age*=debug,safepoint=info,promotion*=trace:file=bin/../logs/gc.log:time,uptime,pid,tid,level:filecount=10,filesize=10485760, -Xms3943M, -Xmx3943M, -Xmn400M, -XX:+UseCondCardMark, -XX:CompileCommandFile=bin/../conf/hotspot_compiler, -javaagent:bin/../lib/jamm-0.3.2.jar, -Dcassandra.jmx.local.port=7199, -Dcom.sun.management.jmxremote.authenticate=false, -Dcom.sun.management.jmxremote.password.file=/etc/cassandra/jmxremote.password, -Djava.library.path=bin/../lib/sigar-bin, -XX:OnOutOfMemoryError=kill -9 %p, -Dlogback.configurationFile=logback.xml, -Dcassandra.logdir=bin/../logs, -Dcassandra.storagedir=bin/../data, -Dcassandra-foreground=yes]
WARN  [main] 2019-11-28 17:25:54,577 NativeLibrary.java:199 - Unable to lock JVM memory (ENOMEM). This can result in part of the JVM being swapped out, especially with mmapped I/O enabled. Increase RLIMIT_MEMLOCK or run Cassandra as root.
WARN  [main] 2019-11-28 17:25:54,577 StartupChecks.java:135 - jemalloc shared library could not be preloaded to speed up memory allocations
WARN  [main] 2019-11-28 17:25:54,578 StartupChecks.java:168 - JMX is not enabled to receive remote connections. Please see cassandra-env.sh for more info.
INFO  [main] 2019-11-28 17:25:54,604 SigarLibrary.java:44 - Initializing SIGAR library
WARN  [main] 2019-11-28 17:25:54,638 SigarLibrary.java:174 - Cassandra server running in degraded mode. Is swap disabled? : false,  Address space adequate? : true,  nofile limit adequate? : true, nproc limit adequate? : true 
WARN  [main] 2019-11-28 17:25:54,653 StartupChecks.java:331 - Directory bin/../data/data doesn't exist
WARN  [main] 2019-11-28 17:25:54,681 StartupChecks.java:331 - Directory bin/../data/commitlog doesn't exist
WARN  [main] 2019-11-28 17:25:54,687 StartupChecks.java:331 - Directory bin/../data/saved_caches doesn't exist
WARN  [main] 2019-11-28 17:25:54,689 StartupChecks.java:331 - Directory /home/mirko/Projekte/internal/consistency-types/opt/cassandra/bin/../data/hints doesn't exist
INFO  [main] 2019-11-28 17:25:56,088 Keyspace.java:371 - Creating replication strategy system params KeyspaceParams{durable_writes=true, replication=ReplicationParams{class=org.apache.cassandra.locator.LocalStrategy}}
INFO  [main] 2019-11-28 17:25:56,276 MonotonicClock.java:199 - Scheduling approximate time conversion task with an interval of 10000 milliseconds
INFO  [main] 2019-11-28 17:25:56,285 MonotonicClock.java:335 - Scheduling approximate time-check task with a precision of 2 milliseconds
INFO  [main] 2019-11-28 17:25:56,361 ColumnFamilyStore.java:397 - Initializing system.IndexInfo
INFO  [main] 2019-11-28 17:26:00,418 ColumnFamilyStore.java:397 - Initializing system.batches
INFO  [main] 2019-11-28 17:26:00,466 ColumnFamilyStore.java:397 - Initializing system.paxos
INFO  [main] 2019-11-28 17:26:00,516 ColumnFamilyStore.java:397 - Initializing system.local
INFO  [main] 2019-11-28 17:26:00,553 ColumnFamilyStore.java:397 - Initializing system.peers_v2
INFO  [main] 2019-11-28 17:26:00,597 ColumnFamilyStore.java:397 - Initializing system.peers
INFO  [main] 2019-11-28 17:26:00,619 ColumnFamilyStore.java:397 - Initializing system.peer_events_v2
INFO  [main] 2019-11-28 17:26:00,631 ColumnFamilyStore.java:397 - Initializing system.peer_events
INFO  [main] 2019-11-28 17:26:00,641 ColumnFamilyStore.java:397 - Initializing system.compaction_history
INFO  [main] 2019-11-28 17:26:00,662 ColumnFamilyStore.java:397 - Initializing system.sstable_activity
INFO  [main] 2019-11-28 17:26:00,681 ColumnFamilyStore.java:397 - Initializing system.size_estimates
INFO  [main] 2019-11-28 17:26:00,720 ColumnFamilyStore.java:397 - Initializing system.available_ranges_v2
INFO  [main] 2019-11-28 17:26:00,760 ColumnFamilyStore.java:397 - Initializing system.available_ranges
INFO  [main] 2019-11-28 17:26:00,795 ColumnFamilyStore.java:397 - Initializing system.transferred_ranges_v2
INFO  [main] 2019-11-28 17:26:00,823 ColumnFamilyStore.java:397 - Initializing system.transferred_ranges
INFO  [main] 2019-11-28 17:26:00,840 ColumnFamilyStore.java:397 - Initializing system.view_builds_in_progress
INFO  [main] 2019-11-28 17:26:00,857 ColumnFamilyStore.java:397 - Initializing system.built_views
INFO  [main] 2019-11-28 17:26:00,866 ColumnFamilyStore.java:397 - Initializing system.prepared_statements
INFO  [main] 2019-11-28 17:26:00,873 ColumnFamilyStore.java:397 - Initializing system.repairs
INFO  [main] 2019-11-28 17:26:00,886 QueryProcessor.java:106 - Initialized prepared statement caches with 15 MB
INFO  [main] 2019-11-28 17:26:01,191 Keyspace.java:371 - Creating replication strategy system_schema params KeyspaceParams{durable_writes=true, replication=ReplicationParams{class=org.apache.cassandra.locator.LocalStrategy}}
INFO  [main] 2019-11-28 17:26:01,226 ColumnFamilyStore.java:397 - Initializing system_schema.keyspaces
INFO  [main] 2019-11-28 17:26:01,245 ColumnFamilyStore.java:397 - Initializing system_schema.tables
INFO  [main] 2019-11-28 17:26:01,275 ColumnFamilyStore.java:397 - Initializing system_schema.columns
INFO  [main] 2019-11-28 17:26:01,294 ColumnFamilyStore.java:397 - Initializing system_schema.triggers
INFO  [main] 2019-11-28 17:26:01,315 ColumnFamilyStore.java:397 - Initializing system_schema.dropped_columns
INFO  [main] 2019-11-28 17:26:01,333 ColumnFamilyStore.java:397 - Initializing system_schema.views
INFO  [main] 2019-11-28 17:26:01,351 ColumnFamilyStore.java:397 - Initializing system_schema.types
INFO  [main] 2019-11-28 17:26:01,368 ColumnFamilyStore.java:397 - Initializing system_schema.functions
INFO  [main] 2019-11-28 17:26:01,393 ColumnFamilyStore.java:397 - Initializing system_schema.aggregates
INFO  [main] 2019-11-28 17:26:01,419 ColumnFamilyStore.java:397 - Initializing system_schema.indexes
INFO  [main] 2019-11-28 17:26:01,557 SystemKeyspaceMigrator40.java:76 - system.peers_v2 table was empty, migrating legacy system.peers, if this fails you should fix the issue and then truncate system.peers_v2 to have it try again.
INFO  [main] 2019-11-28 17:26:01,576 SystemKeyspaceMigrator40.java:100 - Migrating rows from legacy system.peers to system.peers_v2
INFO  [main] 2019-11-28 17:26:01,604 SystemKeyspaceMigrator40.java:119 - Migrated 0 rows from legacy system.peers to system.peers_v2
INFO  [main] 2019-11-28 17:26:01,605 SystemKeyspaceMigrator40.java:129 - system.peer_events_v2 table was empty, migrating legacy system.peer_events to system.peer_events_v2
INFO  [main] 2019-11-28 17:26:01,606 SystemKeyspaceMigrator40.java:152 - Migrated 0 rows from legacy system.peer_events to system.peer_events_v2
INFO  [main] 2019-11-28 17:26:01,607 SystemKeyspaceMigrator40.java:162 - system.transferred_ranges_v2 table was empty, migrating legacy system.transferred_ranges to system.transferred_ranges_v2
INFO  [main] 2019-11-28 17:26:01,610 SystemKeyspaceMigrator40.java:190 - Migrated 0 rows from legacy system.transferred_ranges to system.transferred_ranges_v2
INFO  [main] 2019-11-28 17:26:01,610 SystemKeyspaceMigrator40.java:200 - system.available_ranges_v2 table was empty, migrating legacy system.available_ranges to system.available_ranges_v2
INFO  [main] 2019-11-28 17:26:01,627 SystemKeyspaceMigrator40.java:226 - Migrated 0 rows from legacy system.available_ranges to system.available_ranges_v2
INFO  [main] 2019-11-28 17:26:01,628 StorageService.java:593 - Populating token metadata from system tables
INFO  [main] 2019-11-28 17:26:01,685 StorageService.java:600 - Token metadata: 
INFO  [main] 2019-11-28 17:26:01,823 CacheService.java:100 - Initializing key cache with capacity of 100 MBs.
INFO  [main] 2019-11-28 17:26:01,878 CacheService.java:122 - Initializing row cache with capacity of 0 MBs
INFO  [main] 2019-11-28 17:26:01,880 CacheService.java:151 - Initializing counter cache with capacity of 50 MBs
INFO  [main] 2019-11-28 17:26:01,882 CacheService.java:162 - Scheduling counter cache save to every 7200 seconds (going to save all keys).
INFO  [main] 2019-11-28 17:26:01,986 CommitLog.java:153 - No commitlog files found; skipping replay
INFO  [main] 2019-11-28 17:26:01,992 StorageService.java:593 - Populating token metadata from system tables
INFO  [main] 2019-11-28 17:26:02,066 StorageService.java:600 - Token metadata: 
INFO  [main] 2019-11-28 17:26:02,643 QueryProcessor.java:150 - Preloaded 0 prepared statements
INFO  [main] 2019-11-28 17:26:02,644 StorageService.java:611 - Cassandra version: 4.0-alpha2-SNAPSHOT
INFO  [main] 2019-11-28 17:26:02,644 StorageService.java:612 - CQL version: 3.4.5
INFO  [main] 2019-11-28 17:26:02,644 StorageService.java:613 - Native protocol supported versions: 3/v3, 4/v4, 5/v5-beta (default: 4/v4)
INFO  [main] 2019-11-28 17:26:02,762 IndexSummaryManager.java:87 - Initializing index summary manager with a memory pool size of 195 MB and a resize interval of 60 minutes
INFO  [Service Thread] 2019-11-28 17:26:03,452 GCInspector.java:299 - ConcurrentMarkSweep GC in 444ms.  CodeHeap 'non-nmethods': 1260672 -> 1311488; CodeHeap 'non-profiled nmethods': 1098880 -> 1508608; CodeHeap 'profiled nmethods': 5459200 -> 6935168; Compressed Class Space: 4139360 -> 4969424; Metaspace: 28730520 -> 35195048; Par Eden Space: 5569448 -> 168249176; 
INFO  [main] 2019-11-28 17:26:03,642 InboundConnectionInitiator.java:130 - Listening on address: (127.0.0.1:7000), nic: lo, encryption: enabled (openssl)
WARN  [main] 2019-11-28 17:26:03,805 SystemKeyspace.java:1088 - No host ID found, created 35e92180-b482-4016-9500-a4de537fffd7 (Note: This should happen exactly once per node).
INFO  [main] 2019-11-28 17:26:03,867 StorageService.java:513 - Unable to gossip with any peers but continuing anyway since node is in its own seed list
INFO  [main] 2019-11-28 17:26:03,897 StorageService.java:696 - Loading persisted ring state
INFO  [main] 2019-11-28 17:26:03,899 StorageService.java:824 - Starting up server gossip
INFO  [main] 2019-11-28 17:26:04,415 BufferPool.java:216 - Global buffer pool is enabled, when pool is exhausted (max is 512,000MiB) it will allocate on heap
INFO  [main] 2019-11-28 17:26:04,482 StorageService.java:885 - This node will not auto bootstrap because it is configured to be a seed node.
INFO  [main] 2019-11-28 17:26:04,492 BootStrapper.java:250 - Generated random tokens. tokens are [-2371122332105006026, -3737339303222926376, 8577499080442961395, 1296681566530778919, 7254138554860847044, 414295107290919621, -6648750325451479977, -7701934929687165662, -5842759734136677679, -8875318470381482389, -7003321624843731030, -723522859549720192, 7884056719434762334, 1840618420224695214, 3990536850711141087, -4048446009330167879, -7812809428637125952, -6977852279651083934, -8713546783233912322, -8978901511472463204, -1554010616344531896, 4192826539978020284, 7626091043370866804, 3397219770493959245, -2330981801416922283, -2433346344125355389, 4549598982857985672, -4688693724567660615, 8540694435530403871, 2618515115659359828, 5820351806122536991, 2336302852060484084, 1723026295770918128, 8106644123573703991, 5557633315733164354, 1889159665888456591, 6332880482326270110, -6979919490319388682, -2377309208217284510, 6898355298595639112, 3789598030251581752, -5737148929625559195, 300181691533845026, 1768158800127353280, -4869076317561002152, -926566686023779543, 8216879786888834927, 8159513440435235446, -7699059553340877843, 3050769550047634080, 9086754037555955974, 6477002213864557165, 663729714599538272, -4842172342168341346, -8052629312506667461, -4311343929896052271, -8740687585129352830, 6601095754783524418, -6835112586428046303, 9147227045256321623, -8736555027224235935, 2787687441248236104, -1417933334259298489, -6440240214208517461, -4300826368004946058, 2475167271486289725, -8016137067881484444, 7617498829202685553, 3321878651229426410, -3312719159196602227, 9065914979748258618, 4597869152794134254, 1930404413505606413, -5888704520132945789, 4468263613561639867, 645737021992992302, 4755919815446900920, -4682035387888511205, -8430002908931672829, 5379639221828490163, 6115088388110301033, 5052358432034406096, -8381051032737168352, 1575704389458440457, -8362409964556329664, -1917417805081846928, -6129743656870795070, 6045285007749900565, 7614870907757116662, -2978286776214065298, -2027246031421338658, -2993329922776930862, 2397743211322868933, 8434971107042538957, 2420533017915415343, 4985711936136962232, -1012564476955735018, 5286308543661593097, 2090413446673217688, 5881074558106071554, -2722397320763183457, 4360159133877436696, -774976163762626763, -5690946822265252112, -8603130170282606280, 8251495958394954808, 3210205794943343631, 6684951112183450383, -3764998990693319612, 8657343411220103003, 4740461099476450993, -6914314536447180091, 3818082462607272710, -1406883464858925864, -951314533221308427, -5455112747490432676, -8171262033062468958, 4290333550964139503, -8546068755910999051, 7170693084624952898, 2153931751720146733, -222288518268099793, -2945963813114864569, 2275116871905733213, 3467166361859629992, 3559200127537704877, 6845872442619986104, -7672937004503893407, 7932472561281024878, -335577169182834127, -5016483386269005749, 4163233859262966734, -4357671407868464515, -6716440069298094911, -4089132324183556354, 6193665843256703585, 6294935234220714922, -4392871741597807542, -3708042747703433096, -6555076599264249877, -2593177851098066753, -1573161375504918091, -6113388132409688499, -1737380741470860631, -3828314685924238088, 6920248742620038024, 3666134114246235858, 499529483749382936, 1698551390059901572, -3710523272618634828, 457838035746844529, -2043751749714514134, -2145279291822587855, -7814539147038207523, -4589583210735207916, -3411647544165283723, -126209550091749397, -2263155655373112276, -1632164300904080224, 2410638567652317176, 3770027164159772145, -6145007370672482490, -2145686506920129115, -5494784479365837760, -2977336099302644888, 4725145377979033320, 4662605504256638490, -6934461447569758610, -7106139154927656406, -1675019989849545986, 3701640172894049165, -1562563562739763114, -2940706177667244933, -8573710193535666356, -8670072964347334906, 5795970861490663018, 2535580310706660264, 7422902998912008911, 7355338068461414388, 2072710848173528412, 3708771337489441731, 6692964128580539038, -2522288054148906799, 7527349677401740815, -6075557171404342286, -8482273513000954929, 743538696766864429, 1479280451533608092, 5466550367131040668, -8337154510045135323, 8510262661572043247, 4459176530963563995, 4341641391948751661, 585257239921735169, -1246775266291220409, 3559937467867077246, 4357507169999862857, 2196621323200733680, -7535268942418380747, -4223517374567707753, 7857800541189935633, 2906960407779963137, 8112533506504592536, -6320563968588291211, -3819335446882535102, 3338479552272050093, 4602869863967012512, -5729266814712931244, -8525164176145641284, -1421196487103181665, 821508825159466071, -2367735943863112662, 2911628042681243027, -6717266962755397799, -6450262387883422853, -7304027863802304809, 2957331378362698734, 3151049076203594377, -243216688645572793, -7376983483254611438, -7719512345188057383, 7843383078196739845, 8663362120628874401, 6177046521526418889, -2311766190691488033, -129673552957029800, 1086721425382723591, -299248461021529552, -3942441922968319826, -3959916982393142066, 3533869726572243403, -4365965062460311270, 7476483159353097124, -1489678215206307330, 6069100613184186864, -4601171147545552582, 5544382603996259716, 1396177319300726588, -5179277444550917825, -2712244789652106523, 4323057024880475823, -3785625704272307290, 912393793642001245, 7295492984461006021, 4326856521559443798, -2986418304742006243, -8086771661022865089, 7084452621884296903, -4275760616586428733, -341120790596692939, -2741497271992237825, -7861640065495733958, -4601358421742576398, 2510803459433208581, -8730453491014489113, 3496846856993714116]
INFO  [main] 2019-11-28 17:26:04,505 MigrationManager.java:210 - Create new Keyspace: KeyspaceMetadata{name=system_traces, kind=REGULAR, params=KeyspaceParams{durable_writes=true, replication=ReplicationParams{class=org.apache.cassandra.locator.SimpleStrategy, replication_factor=2}}, tables=[system_traces.sessions, system_traces.events], views=[], functions=[], types=[]}
INFO  [MigrationStage:1] 2019-11-28 17:26:05,435 Keyspace.java:371 - Creating replication strategy system_traces params KeyspaceParams{durable_writes=true, replication=ReplicationParams{class=org.apache.cassandra.locator.SimpleStrategy, replication_factor=2}}
INFO  [MigrationStage:1] 2019-11-28 17:26:05,456 ColumnFamilyStore.java:397 - Initializing system_traces.events
INFO  [MigrationStage:1] 2019-11-28 17:26:05,479 ColumnFamilyStore.java:397 - Initializing system_traces.sessions
INFO  [main] 2019-11-28 17:26:05,551 MigrationManager.java:210 - Create new Keyspace: KeyspaceMetadata{name=system_distributed, kind=REGULAR, params=KeyspaceParams{durable_writes=true, replication=ReplicationParams{class=org.apache.cassandra.locator.SimpleStrategy, replication_factor=3}}, tables=[system_distributed.repair_history, system_distributed.parent_repair_history, system_distributed.view_build_status], views=[], functions=[], types=[]}
INFO  [MigrationStage:1] 2019-11-28 17:26:05,825 Keyspace.java:371 - Creating replication strategy system_distributed params KeyspaceParams{durable_writes=true, replication=ReplicationParams{class=org.apache.cassandra.locator.SimpleStrategy, replication_factor=3}}
INFO  [MigrationStage:1] 2019-11-28 17:26:05,831 ColumnFamilyStore.java:397 - Initializing system_distributed.parent_repair_history
INFO  [MigrationStage:1] 2019-11-28 17:26:05,842 ColumnFamilyStore.java:397 - Initializing system_distributed.repair_history
INFO  [MigrationStage:1] 2019-11-28 17:26:05,858 ColumnFamilyStore.java:397 - Initializing system_distributed.view_build_status
INFO  [main] 2019-11-28 17:26:05,891 StorageService.java:1523 - JOINING: Finish joining ring
INFO  [main] 2019-11-28 17:26:06,128 StorageService.java:2524 - Node 127.0.0.1:7000 state jump to NORMAL
INFO  [main] 2019-11-28 17:26:06,160 MigrationManager.java:210 - Create new Keyspace: KeyspaceMetadata{name=system_auth, kind=REGULAR, params=KeyspaceParams{durable_writes=true, replication=ReplicationParams{class=org.apache.cassandra.locator.SimpleStrategy, replication_factor=1}}, tables=[system_auth.roles, system_auth.role_members, system_auth.role_permissions, system_auth.resource_role_permissons_index, system_auth.network_permissions], views=[], functions=[], types=[]}
INFO  [MigrationStage:1] 2019-11-28 17:26:06,478 Keyspace.java:371 - Creating replication strategy system_auth params KeyspaceParams{durable_writes=true, replication=ReplicationParams{class=org.apache.cassandra.locator.SimpleStrategy, replication_factor=1}}
INFO  [MigrationStage:1] 2019-11-28 17:26:06,483 ColumnFamilyStore.java:397 - Initializing system_auth.network_permissions
INFO  [MigrationStage:1] 2019-11-28 17:26:06,547 ColumnFamilyStore.java:397 - Initializing system_auth.resource_role_permissons_index
INFO  [MigrationStage:1] 2019-11-28 17:26:06,573 ColumnFamilyStore.java:397 - Initializing system_auth.role_members
INFO  [MigrationStage:1] 2019-11-28 17:26:06,596 ColumnFamilyStore.java:397 - Initializing system_auth.role_permissions
INFO  [MigrationStage:1] 2019-11-28 17:26:06,609 ColumnFamilyStore.java:397 - Initializing system_auth.roles
INFO  [main] 2019-11-28 17:26:07,199 NativeTransportService.java:66 - Netty using native Epoll event loop
INFO  [main] 2019-11-28 17:26:07,279 Server.java:163 - Using Netty Version: [netty-buffer=netty-buffer-4.1.37.Final.35e0843, netty-codec=netty-codec-4.1.37.Final.35e0843, netty-codec-dns=netty-codec-dns-4.1.37.Final.35e0843, netty-codec-haproxy=netty-codec-haproxy-4.1.37.Final.35e0843, netty-codec-http=netty-codec-http-4.1.37.Final.35e0843, netty-codec-http2=netty-codec-http2-4.1.37.Final.35e0843, netty-codec-memcache=netty-codec-memcache-4.1.37.Final.35e0843, netty-codec-mqtt=netty-codec-mqtt-4.1.37.Final.35e0843, netty-codec-redis=netty-codec-redis-4.1.37.Final.35e0843, netty-codec-smtp=netty-codec-smtp-4.1.37.Final.35e0843, netty-codec-socks=netty-codec-socks-4.1.37.Final.35e0843, netty-codec-stomp=netty-codec-stomp-4.1.37.Final.35e0843, netty-codec-xml=netty-codec-xml-4.1.37.Final.35e0843, netty-common=netty-common-4.1.37.Final.35e0843, netty-handler=netty-handler-4.1.37.Final.35e0843, netty-handler-proxy=netty-handler-proxy-4.1.37.Final.35e0843, netty-resolver=netty-resolver-4.1.37.Final.35e0843, netty-resolver-dns=netty-resolver-dns-4.1.37.Final.35e0843, netty-tcnative=netty-tcnative-2.0.25.Final.c46c351, netty-tcnative-boringssl-static=netty-tcnative-boringssl-static-2.0.25.Final.c46c351, netty-transport=netty-transport-4.1.37.Final.35e0843, netty-transport-native-epoll=netty-transport-native-epoll-4.1.37.Final.35e0843, netty-transport-native-kqueue=netty-transport-native-kqueue-4.1.37.Final.35e0843376, netty-transport-native-unix-common=netty-transport-native-unix-common-4.1.37.Final.35e0843, netty-transport-rxtx=netty-transport-rxtx-4.1.37.Final.35e0843, netty-transport-sctp=netty-transport-sctp-4.1.37.Final.35e0843, netty-transport-udt=netty-transport-udt-4.1.37.Final.35e0843]
INFO  [main] 2019-11-28 17:26:07,280 Server.java:164 - Starting listening for CQL clients on localhost/127.0.0.1:9042 (unencrypted)...
INFO  [OptionalTasks:1] 2019-11-28 17:26:17,162 CassandraRoleManager.java:338 - Created default superuser role 'cassandra'
INFO  [StorageServiceShutdownHook] 2019-11-28 18:09:17,378 HintsService.java:220 - Paused hints dispatch
INFO  [StorageServiceShutdownHook] 2019-11-28 18:09:17,430 Server.java:213 - Stop listening for CQL clients
INFO  [StorageServiceShutdownHook] 2019-11-28 18:09:17,431 Gossiper.java:1813 - Announcing shutdown
INFO  [StorageServiceShutdownHook] 2019-11-28 18:09:17,436 StorageService.java:2524 - Node 127.0.0.1:7000 state jump to shutdown
INFO  [StorageServiceShutdownHook] 2019-11-28 18:09:17,501 StorageService.java:2524 - Node 127.0.0.1:7000 state jump to shutdown
INFO  [StorageServiceShutdownHook] 2019-11-28 18:09:19,538 MessagingService.java:500 - Waiting for messaging service to quiesce
INFO  [StorageServiceShutdownHook] 2019-11-28 18:09:21,813 HintsService.java:220 - Paused hints dispatch
